<?xml version="1.0" encoding="UTF-8"?>
<!-- Generated by org.testng.reporters.JUnitReportReporter -->
<testsuite hostname="Nadia" failures="0" tests="1" name="com.it.bd.FirstAutomationDriver" time="48.328" errors="0" timestamp="2023-06-10T23:26:32 BDT" skipped="0">
  <testcase classname="com.it.bd.FirstAutomationDriver" name="firstTest" time="48.328"/>
</testsuite> <!-- com.it.bd.FirstAutomationDriver -->
